<?xml version="1.0" encoding="UTF-8"?>
<!-- Generated by org.testng.reporters.JUnitReportReporter -->
<testsuite hostname="LAPTOP-DENRBFPO" failures="0" tests="1" name="Runner.RunnerClass" time="0.165" errors="0" timestamp="2024-04-29T17:38:45 IST" skipped="0">
  <testcase classname="Runner.RunnerClass" name="runScenario" time="0.165"/>
  <system-out/>
</testsuite> <!-- Runner.RunnerClass -->
